"../../../../../Desktop/GameJamRepo/Myfork/BTD/Content/Geometry/Meshes/CubeMaterial.uasset" 0
"../../../../../Desktop/GameJamRepo/Myfork/BTD/Content/Geometry/Meshes/1M_Cube.uasset" 1
"../../../../../Desktop/GameJamRepo/Myfork/BTD/Content/Geometry/Meshes/1M_Cube_Chamfer.uasset" 2
"../../../../../Desktop/GameJamRepo/Myfork/BTD/Content/Geometry/Meshes/TemplateFloor.uasset" 3
"../../../../../Desktop/GameJamRepo/Myfork/BTD/Content/HUDandMenues/Direfuel.uasset" 4
"../../../../../Desktop/GameJamRepo/Myfork/BTD/Content/HUDandMenues/FuelArrow.uasset" 5
"../../../../../Desktop/GameJamRepo/Myfork/BTD/Content/HUDandMenues/FuelOverlay.uasset" 6
"../../../../../Desktop/GameJamRepo/Myfork/BTD/Content/HUDandMenues/GAMEOVER.uasset" 7
"../../../../../Desktop/GameJamRepo/Myfork/BTD/Content/Mannequin/Character/Mesh/UE4_Mannequin_Skeleton.uasset" 8
"../../../../../Desktop/GameJamRepo/Myfork/BTD/Content/Mannequin/Animations/ThirdPersonJump_End.uasset" 9
"../../../../../Desktop/GameJamRepo/Myfork/BTD/Content/Mannequin/Animations/ThirdPerson_Jump.uasset" 10
"../../../../../Desktop/GameJamRepo/Myfork/BTD/Content/Mannequin/Animations/ThirdPersonJump_Loop.uasset" 11
"../../../../../Desktop/GameJamRepo/Myfork/BTD/Content/Mannequin/Animations/ThirdPersonJump_Start.uasset" 12
"../../../../../Desktop/GameJamRepo/Myfork/BTD/Content/Mannequin/Animations/ThirdPersonIdle.uasset" 13
"../../../../../Desktop/GameJamRepo/Myfork/BTD/Content/Mannequin/Animations/ThirdPersonRun.uasset" 14
"../../../../../Desktop/GameJamRepo/Myfork/BTD/Content/Mannequin/Animations/ThirdPersonWalk.uasset" 15
"../../../../../Desktop/GameJamRepo/Myfork/BTD/Content/Mannequin/Animations/ThirdPerson_IdleRun_2D.uasset" 16
"../../../Engine/Content/EditorBlueprintResources/StandardMacros.uasset" 17
"../../../../../Desktop/GameJamRepo/Myfork/BTD/Content/Mannequin/Animations/ThirdPerson_AnimBP.uasset" 18
"../../../Engine/Content/Functions/Engine_MaterialFunctions02/Utility/BlendAngleCorrectedNormals.uasset" 19
"../../../Engine/Content/Functions/MaterialLayerFunctions/MatLayerBlend_NormalBlend.uasset" 20
"../../../Engine/Content/Functions/MaterialLayerFunctions/MatLayerBlend_Simple.uasset" 21
"../../../../../Desktop/GameJamRepo/Myfork/BTD/Content/Mannequin/Character/Materials/MaterialLayers/T_ML_Rubber_Blue_01_D.uasset" 22
"../../../../../Desktop/GameJamRepo/Myfork/BTD/Content/Mannequin/Character/Materials/MaterialLayers/T_ML_Rubber_Blue_01_N.uasset" 23
"../../../../../Desktop/GameJamRepo/Myfork/BTD/Content/Mannequin/Character/Materials/MaterialLayers/ML_GlossyBlack_Latex_UE4.uasset" 24
"../../../../../Desktop/GameJamRepo/Myfork/BTD/Content/Mannequin/Character/Materials/MaterialLayers/ML_Plastic_Shiny_Beige.uasset" 25
"../../../../../Desktop/GameJamRepo/Myfork/BTD/Content/Mannequin/Character/Textures/UE4_LOGO_CARD.uasset" 26
"../../../../../Desktop/GameJamRepo/Myfork/BTD/Content/Mannequin/Character/Materials/MaterialLayers/ML_Plastic_Shiny_Beige_LOGO.uasset" 27
"../../../../../Desktop/GameJamRepo/Myfork/BTD/Content/Mannequin/Character/Materials/MaterialLayers/T_ML_Aluminum01.uasset" 28
"../../../../../Desktop/GameJamRepo/Myfork/BTD/Content/Mannequin/Character/Materials/MaterialLayers/T_ML_Aluminum01_N.uasset" 29
"../../../../../Desktop/GameJamRepo/Myfork/BTD/Content/Mannequin/Character/Materials/MaterialLayers/ML_SoftMetal_UE4.uasset" 30
"../../../../../Desktop/GameJamRepo/Myfork/BTD/Content/Mannequin/Character/Textures/UE4_Mannequin__normals.uasset" 31
"../../../../../Desktop/GameJamRepo/Myfork/BTD/Content/Mannequin/Character/Textures/UE4_Mannequin_MAT_MASKA.uasset" 32
"../../../../../Desktop/GameJamRepo/Myfork/BTD/Content/Mannequin/Character/Materials/M_UE4Man_Body.uasset" 33
"../../../../../Desktop/GameJamRepo/Myfork/BTD/Content/Mannequin/Character/Textures/UE4Man_Logo_N.uasset" 34
"../../../../../Desktop/GameJamRepo/Myfork/BTD/Content/Mannequin/Character/Materials/M_UE4Man_ChestLogo.uasset" 35
"../../../../../Desktop/GameJamRepo/Myfork/BTD/Content/Mannequin/Character/Mesh/SK_Mannequin_PhysicsAsset.uasset" 36
"../../../../../Desktop/GameJamRepo/Myfork/BTD/Content/Mannequin/Character/Mesh/SK_Mannequin.uasset" 37
"../../../../../Desktop/GameJamRepo/Myfork/BTD/Content/Movies/UE4_Startup_Moving_Logo_1088_60.uasset" 38
"../../../Engine/Content/EngineMaterials/OrientParticle.uasset" 39
"../../../Engine/Content/EngineMaterials/DefaultParticle.uasset" 40
"../../../Engine/Content/Functions/Engine_MaterialFunctions02/Utility/MakeFloat2.uasset" 41
"../../../../../Desktop/GameJamRepo/Myfork/BTD/Content/TopDownBP/Blueprints/Assets/Environment/drive-download-20191117T054814Z-001/StylizedCrystal_basecolor.uasset" 42
"../../../../../Desktop/GameJamRepo/Myfork/BTD/Content/TopDownBP/Blueprints/Assets/Environment/drive-download-20191117T054814Z-001/StylizedCrystal_height.uasset" 43
"../../../../../Desktop/GameJamRepo/Myfork/BTD/Content/TopDownBP/Blueprints/Assets/Environment/drive-download-20191117T054814Z-001/StylizedCrystal_normal.uasset" 44
"../../../../../Desktop/GameJamRepo/Myfork/BTD/Content/TopDownBP/Blueprints/Assets/Environment/drive-download-20191117T054814Z-001/StylizedCrystal_ORM.uasset" 45
"../../../../../Desktop/GameJamRepo/Myfork/BTD/Content/TopDownBP/Blueprints/Assets/Environment/drive-download-20191117T054814Z-001/StylizedCrystal_Mat.uasset" 46
"../../../../../Desktop/GameJamRepo/Myfork/BTD/Content/TopDownBP/Blueprints/Obstacles/CrystalShards/crystalshardsf_low_CrystalSpikes_BaseColor.uasset" 47
"../../../../../Desktop/GameJamRepo/Myfork/BTD/Content/TopDownBP/Blueprints/Obstacles/CrystalShards/crystalshardsf_low_CrystalSpikes_Emissive.uasset" 48
"../../../../../Desktop/GameJamRepo/Myfork/BTD/Content/TopDownBP/Blueprints/Obstacles/CrystalShards/crystalshardsf_low_CrystalSpikes_Normal.uasset" 49
"../../../../../Desktop/GameJamRepo/Myfork/BTD/Content/TopDownBP/Blueprints/Obstacles/CrystalShards/crystalshardsf_low_CrystalSpikes_OcclusionRoughnessMetallic.uasset" 50
"../../../../../Desktop/GameJamRepo/Myfork/BTD/Content/TopDownBP/Blueprints/Obstacles/CrystalShards/M_Crystalshards.uasset" 51
"../../../../../Desktop/GameJamRepo/Myfork/BTD/Content/Particles/rockparticle.uasset" 52
"../../../../../Desktop/GameJamRepo/Myfork/BTD/Content/Particles/RockProjection_PS.uasset" 53
"../../../Engine/Content/Functions/Engine_MaterialFunctions02/Fresnel_Function.uasset" 54
"../../../../../Desktop/GameJamRepo/Myfork/BTD/Content/TopDownBP/Blueprints/Materials/Health_Sprite01.uasset" 55
"../../../../../Desktop/GameJamRepo/Myfork/BTD/Content/TopDownBP/Blueprints/Materials/M_Health.uasset" 56
"../../../../../Desktop/GameJamRepo/Myfork/BTD/Content/Particles/Smoke_sprite.uasset" 57
"../../../../../Desktop/GameJamRepo/Myfork/BTD/Content/Particles/RibbonMat.uasset" 58
"../../../../../Desktop/GameJamRepo/Myfork/BTD/Content/Particles/worm_ribbon.uasset" 59
"../../../../../Desktop/GameJamRepo/Myfork/BTD/Content/Particles/WormRibbon_PS.uasset" 60
"../../../../../Desktop/GameJamRepo/Myfork/BTD/Content/TopDownBP/TopDownOverview.uasset" 61
"../../../../../Desktop/GameJamRepo/Myfork/BTD/Content/TopDownBP/Blueprints/Assets/bigworm_SKM_Skeleton.uasset" 62
"../../../../../Desktop/GameJamRepo/Myfork/BTD/Content/TopDownBP/Blueprints/Assets/bigworm_Forward_Anim.uasset" 63
"../../../../../Desktop/GameJamRepo/Myfork/BTD/Content/TopDownBP/Blueprints/Assets/WormANIM.uasset" 64
"../../../../../Desktop/GameJamRepo/Myfork/BTD/Content/TopDownBP/Blueprints/VFX_Component.uasset" 65
"../../../../../Desktop/GameJamRepo/Myfork/BTD/Content/TopDownBP/Blueprints/Assets/Environment/Player_Speed_STR.uasset" 66
"../../../../../Desktop/GameJamRepo/Myfork/BTD/Content/TopDownBP/Blueprints/Assets/Environment/Player_Speed_DT.uasset" 67
"../../../Engine/Content/Functions/Engine_MaterialFunctions01/Texturing/FlattenNormal.uasset" 68
"../../../../../Desktop/GameJamRepo/Myfork/BTD/Content/TopDownBP/Blueprints/Assets/Environment/drive-download-20191117T054814Z-001/StylizedMud_basecolor.uasset" 69
"../../../../../Desktop/GameJamRepo/Myfork/BTD/Content/TopDownBP/Blueprints/Assets/Environment/drive-download-20191117T054814Z-001/StylizedMud_height.uasset" 70
"../../../../../Desktop/GameJamRepo/Myfork/BTD/Content/TopDownBP/Blueprints/Assets/Environment/drive-download-20191117T054814Z-001/StylizedMud_normal.uasset" 71
"../../../../../Desktop/GameJamRepo/Myfork/BTD/Content/TopDownBP/Blueprints/Assets/Environment/drive-download-20191117T054814Z-001/StylizedMud_ORM.uasset" 72
"../../../../../Desktop/GameJamRepo/Myfork/BTD/Content/TopDownBP/Blueprints/Assets/Environment/drive-download-20191117T054814Z-001/StylizedMud_Mat.uasset" 73
"../../../../../Desktop/GameJamRepo/Myfork/BTD/Content/TopDownBP/Blueprints/Assets/Environment/drive-download-20191117T054814Z-001/StylizedLavaObsidian_basecolor.uasset" 74
"../../../../../Desktop/GameJamRepo/Myfork/BTD/Content/TopDownBP/Blueprints/Assets/Environment/drive-download-20191117T054814Z-001/StylizedLavaObsidian_Emissive.uasset" 75
"../../../../../Desktop/GameJamRepo/Myfork/BTD/Content/TopDownBP/Blueprints/Assets/Environment/drive-download-20191117T054814Z-001/StylizedLavaObsidian_height.uasset" 76
"../../../../../Desktop/GameJamRepo/Myfork/BTD/Content/TopDownBP/Blueprints/Assets/Environment/drive-download-20191117T054814Z-001/StylizedLavaObsidian_normal.uasset" 77
"../../../../../Desktop/GameJamRepo/Myfork/BTD/Content/TopDownBP/Blueprints/Assets/Environment/drive-download-20191117T054814Z-001/StylizedLavaObsidian_ORM.uasset" 78
"../../../../../Desktop/GameJamRepo/Myfork/BTD/Content/TopDownBP/Blueprints/Assets/Environment/drive-download-20191117T054814Z-001/StylizedObsidian_Mat.uasset" 79
"../../../../../Desktop/GameJamRepo/Myfork/BTD/Content/TopDownBP/Blueprints/Assets/Environment/drive-download-20191117T054814Z-001/StylizedSandstone_basecolor.uasset" 80
"../../../../../Desktop/GameJamRepo/Myfork/BTD/Content/TopDownBP/Blueprints/Assets/Environment/drive-download-20191117T054814Z-001/StylizedSandstone_height.uasset" 81
"../../../../../Desktop/GameJamRepo/Myfork/BTD/Content/TopDownBP/Blueprints/Assets/Environment/drive-download-20191117T054814Z-001/StylizedSandstone_normal.uasset" 82
"../../../../../Desktop/GameJamRepo/Myfork/BTD/Content/TopDownBP/Blueprints/Assets/Environment/drive-download-20191117T054814Z-001/StylizedSandstone_ORM.uasset" 83
"../../../../../Desktop/GameJamRepo/Myfork/BTD/Content/TopDownBP/Blueprints/Assets/Environment/drive-download-20191117T054814Z-001/StylizedSandstone_Mat.uasset" 84
"../../../../../Desktop/GameJamRepo/Myfork/BTD/Content/TopDownBP/Blueprints/Assets/Environment/drive-download-20191117T054814Z-001/StylizedRocks_basecolor.uasset" 85
"../../../../../Desktop/GameJamRepo/Myfork/BTD/Content/TopDownBP/Blueprints/Assets/Environment/drive-download-20191117T054814Z-001/StylizedRocks_Height.uasset" 86
"../../../../../Desktop/GameJamRepo/Myfork/BTD/Content/TopDownBP/Blueprints/Assets/Environment/drive-download-20191117T054814Z-001/StylizedRocks_normal.uasset" 87
"../../../../../Desktop/GameJamRepo/Myfork/BTD/Content/TopDownBP/Blueprints/Assets/Environment/drive-download-20191117T054814Z-001/StylizedRocks_ORM.uasset" 88
"../../../../../Desktop/GameJamRepo/Myfork/BTD/Content/TopDownBP/Blueprints/Assets/Environment/drive-download-20191117T054814Z-001/Tunnel_Mat.uasset" 89
"../../../../../Desktop/GameJamRepo/Myfork/BTD/Content/TopDownBP/Blueprints/Assets/Environment/Tunnel_Infos_STR.uasset" 90
"../../../../../Desktop/GameJamRepo/Myfork/BTD/Content/TopDownBP/Blueprints/Assets/Environment/Tunnel_Infos_DT.uasset" 91
"../../../../../Desktop/GameJamRepo/Myfork/BTD/Content/HUDandMenues/healthbar_bg.uasset" 92
"../../../../../Desktop/GameJamRepo/Myfork/BTD/Content/HUDandMenues/healthbar_full.uasset" 93
"../../../../../Desktop/GameJamRepo/Myfork/BTD/Content/HUDandMenues/slowmobar_background.uasset" 94
"../../../../../Desktop/GameJamRepo/Myfork/BTD/Content/HUDandMenues/slowmobar_full.uasset" 95
"../../../../../Desktop/GameJamRepo/Myfork/BTD/Content/HUDandMenues/Speedbar_bg.uasset" 96
"../../../../../Desktop/GameJamRepo/Myfork/BTD/Content/HUDandMenues/Speedbar_full.uasset" 97
"../../../../../Desktop/GameJamRepo/Myfork/BTD/Content/HUDandMenues/HUD.uasset" 98
"../../../../../Desktop/GameJamRepo/Myfork/BTD/Content/Particles/firefly.uasset" 99
"../../../../../Desktop/GameJamRepo/Myfork/BTD/Content/Particles/M_Dust.uasset" 100
"../../../../../Desktop/GameJamRepo/Myfork/BTD/Content/Particles/Firefly_PS.uasset" 101
"../../../../../Desktop/GameJamRepo/Myfork/BTD/Content/Particles/worm_capsule.uasset" 102
"../../../../../Desktop/GameJamRepo/Myfork/BTD/Content/TopDownBP/Blueprints/Assets/Worm_Basecolor.uasset" 103
"../../../../../Desktop/GameJamRepo/Myfork/BTD/Content/TopDownBP/Blueprints/Assets/Worm_Emissive.uasset" 104
"../../../../../Desktop/GameJamRepo/Myfork/BTD/Content/TopDownBP/Blueprints/Assets/Worm_Normal.uasset" 105
"../../../../../Desktop/GameJamRepo/Myfork/BTD/Content/TopDownBP/Blueprints/Assets/Worm_ORM.uasset" 106
"../../../../../Desktop/GameJamRepo/Myfork/BTD/Content/TopDownBP/Blueprints/Assets/Worm_mat.uasset" 107
"../../../../../Desktop/GameJamRepo/Myfork/BTD/Content/TopDownBP/Blueprints/Assets/bigworm_SKM.uasset" 108
"../../../Engine/Content/Functions/Engine_MaterialFunctions01/Opacity/CameraDepthFade.uasset" 109
"../../../Engine/Content/EngineMaterials/T_Default_Material_Grid_M.uasset" 110
"../../../Engine/Content/EngineMaterials/T_Default_Material_Grid_N.uasset" 111
"../../../Engine/Content/EngineMaterials/WorldGridMaterial.uasset" 112
"../../../../../Desktop/GameJamRepo/Myfork/BTD/Content/TopDownBP/Blueprints/Assets/Environment/tunnel_head.uasset" 113
"../../../../../Desktop/GameJamRepo/Myfork/BTD/Content/TopDownBP/Blueprints/Assets/Environment/tunnel_section.uasset" 114
"../../../../../Desktop/GameJamRepo/Myfork/BTD/Content/TopDownBP/Blueprints/TopDownCharacter.uasset" 115
"../../../../../Desktop/GameJamRepo/Myfork/BTD/Content/TopDownBP/Blueprints/EarthLayerTrigger/EarthLayerTrigger.uasset" 116
"../../../../../Desktop/GameJamRepo/Myfork/BTD/Content/TopDownBP/Blueprints/EarthLayerTrigger.uasset" 117
"../../../../../Desktop/GameJamRepo/Myfork/BTD/Content/TopDownBP/Blueprints/Materials/M_Crystal.uasset" 118
"../../../../../Desktop/GameJamRepo/Myfork/BTD/Content/TopDownBP/Blueprints/Pickups/sablier.uasset" 119
"../../../../../Desktop/GameJamRepo/Myfork/BTD/Content/TopDownBP/Blueprints/Pickups/FuelPickup.uasset" 120
"../../../../../Desktop/GameJamRepo/Myfork/BTD/Content/TopDownBP/Blueprints/FuelPickup.uasset" 121
"../../../Engine/Content/Functions/Engine_MaterialFunctions01/Density/ExponentialDensity.uasset" 122
"../../../Engine/Content/Functions/Engine_MaterialFunctions01/Gradient/RadialGradientExponential.uasset" 123
"../../../../../Desktop/GameJamRepo/Myfork/BTD/Content/TopDownBP/Blueprints/M_Cursor_Decal.uasset" 124
"../../../../../Desktop/GameJamRepo/Myfork/BTD/Content/TopDownBP/Blueprints/Assets/bigworm_Pickup_Anim.uasset" 125
"../../../../../Desktop/GameJamRepo/Myfork/BTD/Content/TopDownBP/Blueprints/Assets/bigworm_SKM_PhysicsAsset.uasset" 126
"../../../Engine/Content/EngineMaterials/BaseFlattenDiffuseMap.uasset" 127
"../../../Engine/Content/EngineMaterials/BaseFlattenEmissiveMap.uasset" 128
"../../../Engine/Content/EngineMaterials/BaseFlattenGrayscaleMap.uasset" 129
"../../../Engine/Content/EngineMaterials/BaseFlattenNormalMap.uasset" 130
"../../../Engine/Content/EngineMaterials/NewBaseFlattenMaterial.uasset" 131
"../../../../../Desktop/GameJamRepo/Myfork/BTD/Content/TopDownBP/Blueprints/Assets/Environment/M_Tube_Tunnel_Mat_C356036F4829720FAE98C790D8CAF3DC.uasset" 132
"../../../../../Desktop/GameJamRepo/Myfork/BTD/Content/TopDownBP/Blueprints/Assets/Environment/Tube.uasset" 133
"../../../../../Desktop/GameJamRepo/Myfork/BTD/Content/TopDownBP/Blueprints/EarthLayerTrigger/EarthLayerTrigger2.uasset" 134
"../../../../../Desktop/GameJamRepo/Myfork/BTD/Content/TopDownBP/Blueprints/EarthLayerTrigger/EarthLayerTrigger3.uasset" 135
"../../../../../Desktop/GameJamRepo/Myfork/BTD/Content/TopDownBP/Blueprints/EarthLayerTrigger/EarthLayerTrigger4.uasset" 136
"../../../../../Desktop/GameJamRepo/Myfork/BTD/Content/TopDownBP/Blueprints/EarthLayerTrigger/EarthLayerTrigger5.uasset" 137
"../../../../../Desktop/GameJamRepo/Myfork/BTD/Content/TopDownBP/Blueprints/Materials/PP_Stylized.uasset" 138
"../../../../../Desktop/GameJamRepo/Myfork/BTD/Content/TopDownBP/Blueprints/Materials/MI_Stylized.uasset" 139
"../../../Engine/Content/EngineMaterials/DefaultMaterial.uasset" 140
"../../../Engine/Content/BasicShapes/Cone.uasset" 141
"../../../../../Desktop/GameJamRepo/Myfork/BTD/Content/TopDownBP/Blueprints/Obstacles/Crystal.uasset" 142
"../../../../../Desktop/GameJamRepo/Myfork/BTD/Content/TopDownBP/Blueprints/Obstacles/OB_Master.uasset" 143
"../../../../../Desktop/GameJamRepo/Myfork/BTD/Content/TopDownBP/Blueprints/Obstacles/OB_Master_Child.uasset" 144
"../../../../../Desktop/GameJamRepo/Myfork/BTD/Content/TopDownBP/Blueprints/Obstacles/OB_Master_Child_Child.uasset" 145
"../../../../../Desktop/GameJamRepo/Myfork/BTD/Content/TopDownBP/Blueprints/Obstacles/Depreceated/Obstacle1.uasset" 146
"../../../../../Desktop/GameJamRepo/Myfork/BTD/Content/TopDownBP/Blueprints/Obstacles/Depreceated/Obstacle2.uasset" 147
"../../../../../Desktop/GameJamRepo/Myfork/BTD/Content/TopDownBP/Blueprints/Obstacles/Depreceated/Obstacle3.uasset" 148
"../../../../../Desktop/GameJamRepo/Myfork/BTD/Content/TopDownBP/Blueprints/Pickups/MainC.uasset" 149
"../../../Engine/Content/Animation/DefaultAnimCurveCompressionSettings.uasset" 150
"../../../Engine/Content/ArtTools/RenderToTexture/Meshes/S_1_Unit_Plane.uasset" 151
"../../../Engine/Content/BasicShapes/Cube.uasset" 152
"../../../Engine/Content/BasicShapes/Cylinder.uasset" 153
"../../../Engine/Content/BasicShapes/Plane.uasset" 154
"../../../Engine/Content/BasicShapes/Sphere.uasset" 155
"../../../Engine/Content/EditorLandscapeResources/DataLayer.uasset" 156
"../../../Engine/Content/EditorMaterials/GizmoMaterial.uasset" 157
"../../../Engine/Content/EditorMaterials/MAT_Groups_Toggle.uasset" 158
"../../../Engine/Content/EditorMaterials/MAT_Groups_Visibility.uasset" 159
"../../../Engine/Content/EditorMaterials/PreviewShadowIndicator.uasset" 160
"../../../Engine/Content/EditorMaterials/PreviewShadowIndicatorMaterial.uasset" 161
"../../../Engine/Content/EditorMaterials/MatineeGroups/MAT_ColorTrack.uasset" 162
"../../../Engine/Content/EditorMaterials/MatineeGroups/MAT_Groups_Anim.uasset" 163
"../../../Engine/Content/EditorMaterials/MatineeGroups/MAT_Groups_AudioMaster.uasset" 164
"../../../Engine/Content/EditorMaterials/MatineeGroups/MAT_Groups_Director.uasset" 165
"../../../Engine/Content/EditorMaterials/MatineeGroups/MAT_Groups_Event.uasset" 166
"../../../Engine/Content/EditorMaterials/MatineeGroups/MAT_Groups_Fade.uasset" 167
"../../../Engine/Content/EditorMaterials/MatineeGroups/MAT_Groups_Float.uasset" 168
"../../../Engine/Content/EditorMaterials/MatineeGroups/MAT_Groups_Move.uasset" 169
"../../../Engine/Content/EditorMaterials/MatineeGroups/MAT_Groups_Slomo.uasset" 170
"../../../Engine/Content/EditorMaterials/MatineeGroups/MAT_Groups_Sound.uasset" 171
"../../../Engine/Content/EditorMaterials/MatineeGroups/MAT_Groups_Vector.uasset" 172
"../../../Engine/Content/EditorMaterials/ParticleSystems/PSysThumbnail_NoImage.uasset" 173
"../../../Engine/Content/EditorMaterials/ParticleSystems/PSysThumbnail_OOD.uasset" 174
"../../../Engine/Content/EditorMaterials/Camera/CineMat.uasset" 175
"../../../Engine/Content/EditorMaterials/Camera/MI_CineMat_Rig.uasset" 176
"../../../Engine/Content/EditorMeshes/Camera/SM_CraneRig_Arm.uasset" 177
"../../../Engine/Content/EditorMeshes/Camera/SM_CraneRig_Base.uasset" 178
"../../../Engine/Content/EditorMeshes/Camera/SM_CraneRig_Body.uasset" 179
"../../../Engine/Content/EditorMeshes/Camera/SM_CraneRig_Mount.uasset" 180
"../../../Engine/Content/EditorMeshes/Camera/SM_RailRig_Mount.uasset" 181
"../../../Engine/Content/EditorMeshes/Camera/SM_RailRig_Track.uasset" 182
"../../../Engine/Content/EditorResources/BSPVertex.uasset" 183
"../../../Engine/Content/EditorResources/EmptyActor.uasset" 184
"../../../Engine/Content/EditorResources/S_Actor.uasset" 185
"../../../Engine/Content/EditorResources/S_Note.uasset" 186
"../../../Engine/Content/EditorResources/S_Solver.uasset" 187
"../../../Engine/Content/EditorResources/S_Trigger.uasset" 188
"../../../Engine/Content/EditorResources/AudioIcons/S_AudioComponent_AutoActivate.uasset" 189
"../../../Engine/Content/EditorResources/SequenceRecorder/Countdown.uasset" 190
"../../../Engine/Content/EditorResources/SequenceRecorder/RecordingIndicator.uasset" 191
"../../../Engine/Content/EditorSounds/Notifications/CompileFailed.uasset" 192
"../../../Engine/Content/EditorSounds/Notifications/CompileFailed_Cue.uasset" 193
"../../../Engine/Content/EditorSounds/Notifications/CompileSuccess.uasset" 194
"../../../Engine/Content/EditorSounds/Notifications/CompileStart_Cue.uasset" 195
"../../../Engine/Content/EditorSounds/Notifications/CompileSuccess_Cue.uasset" 196
"../../../Engine/Content/EngineDamageTypes/DmgTypeBP_Environmental.uasset" 197
"../../../Engine/Content/EngineDebugMaterials/HeatmapGradient.uasset" 198
"../../../Engine/Content/EngineDebugMaterials/BoneWeightMaterial.uasset" 199
"../../../Engine/Content/EngineDebugMaterials/ClothMaterial.uasset" 200
"../../../Engine/Content/EngineDebugMaterials/ClothMaterial_WF.uasset" 201
"../../../Engine/Content/EngineDebugMaterials/DebugEditorMaterial.uasset" 202
"../../../Engine/Content/EngineDebugMaterials/DebugMeshMaterial.uasset" 203
"../../../Engine/Content/EngineDebugMaterials/GeomMaterial.uasset" 204
"../../../Engine/Content/EngineDebugMaterials/M_SimpleTranslucent.uasset" 205
"../../../Engine/Content/Functions/Engine_MaterialFunctions02/Utility/CameraDirectionVector.uasset" 206
"../../../Engine/Content/EngineDebugMaterials/VolumeToRender.uasset" 207
"../../../Engine/Content/EngineDebugMaterials/M_VolumeRenderSphereTracePP.uasset" 208
"../../../Engine/Content/EngineDebugMaterials/WireframeMaterial.uasset" 209
"../../../Engine/Content/EngineFonts/Faces/RobotoBold.uasset" 210
"../../../Engine/Content/EngineFonts/Faces/RobotoBoldItalic.uasset" 211
"../../../Engine/Content/EngineFonts/Faces/RobotoItalic.uasset" 212
"../../../Engine/Content/EngineFonts/Faces/RobotoLight.uasset" 213
"../../../Engine/Content/EngineFonts/Faces/RobotoRegular.uasset" 214
"../../../Engine/Content/EngineFonts/Roboto.uasset" 215
"../../../Engine/Content/EngineMaterials/BaseFlattenMaterial.uasset" 216
"../../../Engine/Content/EngineMaterials/BlueNoise.uasset" 217
"../../../Engine/Content/EngineMaterials/DefaultBloomKernel.uasset" 218
"../../../Engine/Content/EngineMaterials/DefaultBokeh.uasset" 219
"../../../Engine/Content/EngineMaterials/DefaultDiffuse.uasset" 220
"../../../Engine/Content/EngineMaterials/DefaultDeferredDecalMaterial.uasset" 221
"../../../Engine/Content/EngineMaterials/DefaultLightFunctionMaterial.uasset" 222
"../../../Engine/Content/EngineMaterials/DefaultPhysicalMaterial.uasset" 223
"../../../Engine/Content/Functions/Engine_MaterialFunctions02/Utility/BreakOutFloat2Components.uasset" 224
"../../../Engine/Content/EngineMaterials/DefaultPostProcessMaterial.uasset" 225
"../../../Engine/Content/EngineFonts/RobotoDistanceField.uasset" 226
"../../../Engine/Content/EngineMaterials/DefaultTextMaterialOpaque.uasset" 227
"../../../Engine/Content/EngineMaterials/DefaultVirtualTextureMaterial.uasset" 228
"../../../Engine/Content/EngineMaterials/DefaultWhiteGrid.uasset" 229
"../../../Engine/Content/EngineMaterials/EditorBrushMaterial.uasset" 230
"../../../Engine/Content/EngineMaterials/DefaultWhiteGrid_Low.uasset" 231
"../../../Engine/Content/EngineMaterials/EmissiveMeshMaterial.uasset" 232
"../../../Engine/Content/EngineMaterials/Good64x64TilingNoiseHighFreq.uasset" 233
"../../../Engine/Content/EngineMaterials/MiniFont.uasset" 234
"../../../Engine/Content/EngineMaterials/InvalidLightmapSettings.uasset" 235
"../../../Engine/Content/EngineMaterials/M_InvalidLightmapSettings.uasset" 236
"../../../Engine/Content/Functions/Engine_MaterialFunctions02/WorldPositionOffset/CameraOffset.uasset" 237
"../../../Engine/Content/EngineMaterials/PhAT_JointLimitMaterial.uasset" 238
"../../../Engine/Content/EngineMaterials/PreintegratedSkinBRDF.uasset" 239
"../../../Engine/Content/EngineMaterials/RemoveSurfaceMaterial.uasset" 240
"../../../Engine/Content/EngineMaterials/WeightMapPlaceholderTexture.uasset" 241
"../../../Engine/Content/EngineResources/WhiteSquareTexture.uasset" 242
"../../../Engine/Content/EngineMaterials/Widget3DPassThrough.uasset" 243
"../../../Engine/Content/EngineMaterials/Widget3DPassThrough_Masked.uasset" 244
"../../../Engine/Content/EngineMaterials/Widget3DPassThrough_Opaque.uasset" 245
"../../../Engine/Content/EngineMaterials/Widget3DPassThrough_Masked_OneSided.uasset" 246
"../../../Engine/Content/EngineMaterials/Widget3DPassThrough_Opaque_OneSided.uasset" 247
"../../../Engine/Content/EngineMaterials/Widget3DPassThrough_Translucent.uasset" 248
"../../../Engine/Content/EngineMaterials/Widget3DPassThrough_Translucent_OneSided.uasset" 249
"../../../Engine/Content/EngineMeshes/Cylinder.uasset" 250
"../../../Engine/Content/EngineMeshes/Sphere.uasset" 251
"../../../Engine/Content/EngineResources/Black.uasset" 252
"../../../Engine/Content/EngineResources/DefaultTexture.uasset" 253
"../../../Engine/Content/EngineResources/DefaultTextureCube.uasset" 254
"../../../Engine/Content/EngineResources/DefaultVolumeTexture2D.uasset" 255
"../../../Engine/Content/EngineResources/DefaultVolumeTexture.uasset" 256
"../../../Engine/Content/EngineResources/GradientTexture0.uasset" 257
"../../../Engine/Content/EngineSounds/Master.uasset" 258
"../../../Engine/Content/Functions/Engine_MaterialFunctions01/Shading/ConvertFromDiffSpec.uasset" 259
"../../../Engine/Content/Functions/Engine_MaterialFunctions01/Shading/PowerToRoughness.uasset" 260
"../../../Engine/Content/Maps/Templates/Thumbnails/Default.uasset" 261
"../../../Engine/Content/Maps/Templates/Thumbnails/VR-Basic.uasset" 262
"../../../Engine/Content/MobileResources/T_MobileControls_texture.uasset" 263
"../../../Engine/Content/MobileResources/T_MobileMenu2.uasset" 264
"../../../Engine/Content/MobileResources/HUD/AnalogHat.uasset" 265
"../../../Engine/Content/MobileResources/HUD/VirtualJoystick_Background.uasset" 266
"../../../Engine/Content/MobileResources/HUD/VirtualJoystick_Thumb.uasset" 267
"../../../Engine/Content/MobileResources/HUD/DefaultVirtualJoysticks.uasset" 268
"../../../Engine/Content/MobileResources/HUD/LeftVirtualJoystickOnly.uasset" 269
"../../../Engine/Content/MobileResources/HUD/MobileHUDButton1_off.uasset" 270
"../../../Engine/Content/MobileResources/HUD/MobileHUDButton1_on.uasset" 271
"../../../Engine/Content/MobileResources/HUD/MobileHUDButton2_off.uasset" 272
"../../../Engine/Content/MobileResources/HUD/MobileHUDButton2_on.uasset" 273
"../../../Engine/Content/MobileResources/HUD/MobileHUDButton3.uasset" 274
"../../../Engine/Content/MobileResources/HUD/MobileHUDButtonFire.uasset" 275
"../../../Engine/Content/MobileResources/HUD/MobileHUDDirectionPad.uasset" 276
"../../../Engine/Content/MobileResources/HUD/MobileHUDDirectionPad2.uasset" 277
"../../../Engine/Content/MobileResources/HUD/MobileHUDDirectionPad3.uasset" 278
"../../../Engine/Content/MobileResources/HUD/MobileHUDDirectionStick.uasset" 279
"../../../Engine/Content/MobileResources/HUD/T_Castle_ThumbstickInner.uasset" 280
"../../../Engine/Content/MobileResources/HUD/T_Castle_ThumbstickOutter.uasset" 281
"../../../Engine/Content/Tutorial/ContentIntroCurve.uasset" 282
"../../../Engine/Content/Tutorial/Basics/LevelEditorAttract.uasset" 283
"../../../Engine/Content/VREditor/LaserPointer/VR_LaserPower_01.uasset" 284
"../../../Engine/Content/VREditor/TransformGizmo/TransformGizmoMaterial.uasset" 285
"../../../Engine/Content/VREditor/TransformGizmo/TranslucentTransformGizmoMaterial.uasset" 286
"../../../Engine/Content/VREditor/TransformGizmo/BoundingBoxCorner.uasset" 287
"../../../Engine/Content/VREditor/TransformGizmo/BoundingBoxEdge.uasset" 288
"../../../Engine/Content/VREditor/TransformGizmo/PlaneTranslationHandle.uasset" 289
"../../../Engine/Content/VREditor/TransformGizmo/Main.uasset" 290
"../../../Engine/Content/VREditor/TransformGizmo/Xray.uasset" 291
"../../../Engine/Content/VREditor/TransformGizmo/SM_Sequencer_Key.uasset" 292
"../../../Engine/Content/VREditor/TransformGizmo/SM_Sequencer_Node.uasset" 293
"../../Plugins/2D/Paper2D/Content/PlaceholderTextures/DummySpriteTexture.uasset" 294
"../../Plugins/2D/Paper2D/Content/DummySprite.uasset" 295
"../../Plugins/2D/Paper2D/Content/DefaultPaperTerrainMaterial.uasset" 296
"../../Plugins/2D/Paper2D/Content/DummySpriteTexture.uasset" 297
"../../Plugins/2D/Paper2D/Content/DefaultSpriteMaterial.uasset" 298
"../../Plugins/2D/Paper2D/Content/MaskedUnlitSpriteMaterial.uasset" 299
"../../Plugins/2D/Paper2D/Content/OpaqueUnlitSpriteMaterial.uasset" 300
"../../Plugins/Runtime/Oculus/OculusVR/Content/OculusMR_RenderTarget.uasset" 301
"../../../Engine/Content/Functions/Engine_MaterialFunctions02/Utility/BreakOutFloat4Components.uasset" 302
"../../../Engine/Content/Functions/Engine_MaterialFunctions02/Utility/MakeFloat3.uasset" 303
"../../Plugins/Runtime/Oculus/OculusVR/Content/Materials/OculusMR_ChromaKey.uasset" 304
"../../Plugins/Runtime/Oculus/OculusVR/Content/Materials/OculusMR_ChromaKey_Lit.uasset" 305
"../../Plugins/Runtime/Oculus/OculusVR/Content/Materials/OculusMR_OpaqueColoredMaterial.uasset" 306
"../../Plugins/Runtime/Oculus/OculusVR/Content/Materials/OculusMR_WhiteMaterial.uasset" 307
"../../../../../Desktop/GameJamRepo/Myfork/BTD/Content/TopDownBP/Maps/GameStart.umap" 308
"../../../../../Desktop/GameJamRepo/Myfork/BTD/Content/TopDownBP/Maps/Game_Start_Screen.umap" 309
"../../../../../Desktop/GameJamRepo/Myfork/BTD/Content/Audio/Level1.uasset" 310
"../../../../../Desktop/GameJamRepo/Myfork/BTD/Content/Audio/Level2.uasset" 311
"../../../../../Desktop/GameJamRepo/Myfork/BTD/Content/Audio/Level3.uasset" 312
"../../../../../Desktop/GameJamRepo/Myfork/BTD/Content/Audio/Level4.uasset" 313
"../../../../../Desktop/GameJamRepo/Myfork/BTD/Content/Audio/Level5.uasset" 314
"../../../../../Desktop/GameJamRepo/Myfork/BTD/Content/Audio/Level6.uasset" 315
"../../../../../Desktop/GameJamRepo/Myfork/BTD/Content/Audio/AmbianceCue.uasset" 316
"../../../../../Desktop/GameJamRepo/Myfork/BTD/Content/Audio/slowmo.uasset" 317
"../../../../../Desktop/GameJamRepo/Myfork/BTD/Content/TopDownBP/Blueprints/DJMeme_BP.uasset" 318
"../../../Engine/Content/EngineSky/C_Sky_Cloud_Color.uasset" 319
"../../../Engine/Content/EngineSky/C_Sky_Horizon_Color.uasset" 320
"../../../Engine/Content/EngineSky/C_Sky_Zenith_Color.uasset" 321
"../../../Engine/Content/EngineSky/T_Sky_Blue.uasset" 322
"../../../Engine/Content/EngineSky/T_Sky_Clouds_M.uasset" 323
"../../../Engine/Content/EngineSky/T_Sky_Stars.uasset" 324
"../../../Engine/Content/EngineSky/M_Sky_Panning_Clouds2.uasset" 325
"../../../Engine/Content/EngineSky/SM_SkySphere.uasset" 326
"../../../Engine/Content/EngineSky/BP_Sky_Sphere.uasset" 327
"../../../../../Desktop/GameJamRepo/Myfork/BTD/Content/TopDownBP/Blueprints/Assets/Environment/tunnel_long.uasset" 328
"../../../../../Desktop/GameJamRepo/Myfork/BTD/Content/TopDownBP/Blueprints/Assets/Environment/1stLayer.uasset" 329
"../../../../../Desktop/GameJamRepo/Myfork/BTD/Content/TopDownBP/Blueprints/MouseCollide.uasset" 330
"../../../../../Desktop/GameJamRepo/Myfork/BTD/Content/TopDownBP/Blueprints/Obstacles/BrokenDoorObstacle/door_broken_Basecolor.uasset" 331
"../../../../../Desktop/GameJamRepo/Myfork/BTD/Content/TopDownBP/Blueprints/Obstacles/BrokenDoorObstacle/door_broken_emissive.uasset" 332
"../../../../../Desktop/GameJamRepo/Myfork/BTD/Content/TopDownBP/Blueprints/Obstacles/BrokenDoorObstacle/door_broken_Normal.uasset" 333
"../../../../../Desktop/GameJamRepo/Myfork/BTD/Content/TopDownBP/Blueprints/Obstacles/BrokenDoorObstacle/door_broken_ORM.uasset" 334
"../../../../../Desktop/GameJamRepo/Myfork/BTD/Content/TopDownBP/Blueprints/Obstacles/BrokenDoorObstacle/Door_Broken_Mat.uasset" 335
"../../../../../Desktop/GameJamRepo/Myfork/BTD/Content/TopDownBP/Blueprints/Obstacles/BrokenDoorObstacle/door_broken_low.uasset" 336
"../../../../../Desktop/GameJamRepo/Myfork/BTD/Content/TopDownBP/Blueprints/Obstacles/OB_BrokenDoor.uasset" 337
"../../../../../Desktop/GameJamRepo/Myfork/BTD/Content/Particles/CrystalShardDesctruction_PS.uasset" 338
"../../../../../Desktop/GameJamRepo/Myfork/BTD/Content/TopDownBP/Blueprints/Obstacles/CrystalShards/crystalcross.uasset" 339
"../../../../../Desktop/GameJamRepo/Myfork/BTD/Content/TopDownBP/Blueprints/Obstacles/OB_Crystal_Cross.uasset" 340
"../../../../../Desktop/GameJamRepo/Myfork/BTD/Content/TopDownBP/Blueprints/Obstacles/CrystalShards/crystalloop.uasset" 341
"../../../../../Desktop/GameJamRepo/Myfork/BTD/Content/TopDownBP/Blueprints/Obstacles/OB_Crystal_Loop.uasset" 342
"../../../../../Desktop/GameJamRepo/Myfork/BTD/Content/TopDownBP/Blueprints/Obstacles/CrystalShards/crystalshards1.uasset" 343
"../../../../../Desktop/GameJamRepo/Myfork/BTD/Content/TopDownBP/Blueprints/Obstacles/OB_Crystal_shard.uasset" 344
"../../../../../Desktop/GameJamRepo/Myfork/BTD/Content/TopDownBP/Blueprints/Obstacles/CrystalShards/Crystalshards.uasset" 345
"../../../../../Desktop/GameJamRepo/Myfork/BTD/Content/TopDownBP/Blueprints/Obstacles/CrystalShards/crystalarc.uasset" 346
"../../../../../Desktop/GameJamRepo/Myfork/BTD/Content/TopDownBP/Blueprints/Obstacles/OB_CrystalArc.uasset" 347
"../../../../../Desktop/GameJamRepo/Myfork/BTD/Content/TopDownBP/Blueprints/Pickups/HealthPickup.uasset" 348
"../../../../../Desktop/GameJamRepo/Myfork/BTD/Content/TopDownBP/Blueprints/TopDownController.uasset" 349
"../../../../../Desktop/GameJamRepo/Myfork/BTD/Content/HUDandMenues/MainMenu.uasset" 350
"../../../../../Desktop/GameJamRepo/Myfork/BTD/Content/TopDownBP/Blueprints/TopDownGameMode.uasset" 351
"../../../../../Desktop/GameJamRepo/Myfork/BTD/Content/TopDownBP/Maps/TopDownExampleMap_BuiltData.uasset" 352
"../../../../../Desktop/GameJamRepo/Myfork/BTD/Content/TopDownBP/Blueprints/Materials/PP_BNW.uasset" 353
"../../../../../Desktop/GameJamRepo/Myfork/BTD/Content/TopDownBP/Blueprints/Assets/Environment/earthcore.uasset" 354
"../../../../../Desktop/GameJamRepo/Myfork/BTD/Content/TopDownBP/Maps/TopDownExampleMap.umap" 355
"../../../Engine/Content/Maps/Entry_BuiltData.uasset" 356
"../../../Engine/Content/Maps/Entry.umap" 357
